<?xml version="1.0" encoding="UTF-8"?>
<!-- Generated by org.testng.reporters.JUnitReportReporter -->
<testsuite skipped="0" hostname="DESKTOP-O75K0Q2" name="com.org.learningMaven.LoginUserUnduit.callingMethod" tests="2" failures="0" timestamp="20 Dec 2018 10:51:14 GMT" time="8.648" errors="0">
  <testcase name="callanother" time="0.001" classname="com.org.learningMaven.LoginUserUnduit.callingMethod"/>
  <testcase name="signin_one" time="8.647" classname="com.org.learningMaven.LoginUserUnduit.callingMethod"/>
</testsuite> <!-- com.org.learningMaven.LoginUserUnduit.callingMethod -->
